

  Determining projects to restore...
  All projects are up-to-date for restore.
C:\program files\dotnet\sdk\11.0.100-preview.2.26159.112\Sdks\Microsoft.NET.Sdk\targets\Microsoft.NET.RuntimeIdentifierInference.targets(383,5): message NETSDK1057: You are using a preview version of .NET. See: https://aka.ms/dotnet-support-policy [C:\Users\koosh\Dino\src\Tests\DINOForge.Tests.csproj]
C:\program files\dotnet\sdk\11.0.100-preview.2.26159.112\Sdks\Microsoft.NET.Sdk\targets\Microsoft.NET.RuntimeIdentifierInference.targets(383,5): message NETSDK1057: You are using a preview version of .NET. See: https://aka.ms/dotnet-support-policy [C:\Users\koosh\Dino\src\Tests\Integration\DINOForge.Tests.Integration.csproj]
C:\Users\koosh\Dino\src\Tests\Integration\Tests\ParallelGameE2ETests.cs(746,18): warning CS0414: The field 'FreshInstallTests._isDisposed' is assigned but its value is never used [C:\Users\koosh\Dino\src\Tests\Integration\DINOForge.Tests.Integration.csproj]
  DINOForge.Tests.Integration -> C:\Users\koosh\Dino\src\Tests\Integration\bin\Debug\net8.0\DINOForge.Tests.Integration.dll
Test run for C:\Users\koosh\Dino\src\Tests\Integration\bin\Debug\net8.0\DINOForge.Tests.Integration.dll (.NETCoreApp,Version=v8.0)
A total of 1 test files matched the specified pattern.
Data collection : Unable to find a datacollector with friendly name 'XPlat Code Coverage'.
Data collection : Could not find data collector 'XPlat Code Coverage'
C:\Users\koosh\Dino\src\Tests\ECS\MockEntityManager.cs(115,44): warning CS8625: Cannot convert null literal to non-nullable reference type. [C:\Users\koosh\Dino\src\Tests\DINOForge.Tests.csproj]
C:\Users\koosh\Dino\src\Tests\EconomyCoverageGapTests.cs(221,59): warning CS8625: Cannot convert null literal to non-nullable reference type. [C:\Users\koosh\Dino\src\Tests\DINOForge.Tests.csproj]
C:\Users\koosh\Dino\src\Tests\EconomyCoverageGapTests.cs(231,59): warning CS8625: Cannot convert null literal to non-nullable reference type. [C:\Users\koosh\Dino\src\Tests\DINOForge.Tests.csproj]
C:\Users\koosh\Dino\src\Tests\RuntimeExtractionTests.cs(150,77): warning CS8625: Cannot convert null literal to non-nullable reference type. [C:\Users\koosh\Dino\src\Tests\DINOForge.Tests.csproj]
C:\Users\koosh\Dino\src\Tests\RuntimeExtractionTests.cs(235,58): warning CS8625: Cannot convert null literal to non-nullable reference type. [C:\Users\koosh\Dino\src\Tests\DINOForge.Tests.csproj]
C:\Users\koosh\Dino\src\Tests\GameClientCoverageTests.cs(2255,18): warning CS8602: Dereference of a possibly null reference. [C:\Users\koosh\Dino\src\Tests\DINOForge.Tests.csproj]
C:\Users\koosh\Dino\src\Tests\NativeInteropIntegrationTests.cs(27,21): warning CS0649: Field 'NativeInteropIntegrationTests._originalResolverPath' is never assigned to, and will always have its default value null [C:\Users\koosh\Dino\src\Tests\DINOForge.Tests.csproj]
  DINOForge.Tests -> C:\Users\koosh\Dino\src\Tests\bin\Debug\net8.0\DINOForge.Tests.dll
  [coverlet] _mapping file name: 'CoverletSourceRootsMapping_DINOForge.Tests'
Test run for C:\Users\koosh\Dino\src\Tests\bin\Debug\net8.0\DINOForge.Tests.dll (.NETCoreApp,Version=v8.0)
A total of 1 test files matched the specified pattern.
[xUnit.net 00:00:25.41]     DINOForge.Tests.Integration.Tests.GameSandboxIntegrationTests.Sandbox_Gameplay_ApplyStatOverrides [FAIL]
  Failed DINOForge.Tests.Integration.Tests.GameSandboxIntegrationTests.Sandbox_Gameplay_ApplyStatOverrides [24 s]
  Error Message:
   DINOForge.Bridge.Client.GameClientException : Failed to execute 'waitForWorld' after 4 attempts.
---- DINOForge.Bridge.Client.GameClientException : Not connected to the game bridge. Call ConnectAsync first.
  Stack Trace:
     at DINOForge.Bridge.Client.GameClient.SendRequestAsync[T](String method, Object parameters, CancellationToken ct) in C:\Users\koosh\Dino\src\Bridge\Client\GameClient.cs:line 288
   at DINOForge.Tests.Integration.Tests.GameSandboxIntegrationTests.Sandbox_Gameplay_ApplyStatOverrides() in C:\Users\koosh\Dino\src\Tests\Integration\Tests\GameSandboxIntegrationTests.cs:line 265
--- End of stack trace from previous location ---
----- Inner Stack Trace -----
   at DINOForge.Bridge.Client.GameClient.SendRequestCoreAsync[T](String method, Object parameters, CancellationToken ct) in C:\Users\koosh\Dino\src\Bridge\Client\GameClient.cs:line 296
   at DINOForge.Bridge.Client.GameClient.SendRequestAsync[T](String method, Object parameters, CancellationToken ct) in C:\Users\koosh\Dino\src\Bridge\Client\GameClient.cs:line 264

Passed!  - Failed:     0, Passed:  2182, Skipped:     0, Total:  2182, Duration: 46 s - DINOForge.Tests.dll (net8.0)
  [coverlet] 
  Calculating coverage result...
   Generating report 'C:\Users\koosh\Dino\src\Tests\coverage.cobertura.xml'

+----------------------------+--------+--------+--------+
| Module                     | Line   | Branch | Method |
+----------------------------+--------+--------+--------+
| DINOForge.Bridge.Client    | 80.71% | 85.22% | 94.73% |
+----------------------------+--------+--------+--------+
| DINOForge.Bridge.Protocol  | 100%   | 100%   | 100%   |
+----------------------------+--------+--------+--------+
| DINOForge.Domains.Economy  | 85.61% | 70.15% | 98.64% |
+----------------------------+--------+--------+--------+
| DINOForge.Domains.Scenario | 92.67% | 85.15% | 97.19% |
+----------------------------+--------+--------+--------+
| DINOForge.Domains.UI       | 90.21% | 74.1%  | 90.72% |
+----------------------------+--------+--------+--------+
| DINOForge.Domains.Warfare  | 93.89% | 75.96% | 86.44% |
+----------------------------+--------+--------+--------+
| DINOForge.SDK              | 93.67% | 83.82% | 98.61% |
+----------------------------+--------+--------+--------+
| DINOForge.Tools.Installer  | 88.29% | 81.25% | 98.33% |
+----------------------------+--------+--------+--------+

+---------+--------+--------+--------+
|         | Line   | Branch | Method |
+---------+--------+--------+--------+
| Total   | 90.8%  | 79.05% | 96.93% |
+---------+--------+--------+--------+
| Average | 90.63% | 81.95% | 95.58% |
+---------+--------+--------+--------+


Failed!  - Failed:     1, Passed:   137, Skipped:     0, Total:   138, Duration: 1 m 7 s - DINOForge.Tests.Integration.dll (net8.0)

Attachments:
  C:\Users\koosh\Dino\src\Tests\TestResults\aec35cf4-72e6-431a-ad63-f13829011053\coverage.cobertura.xml
