[    1255ms] [ERROR] Failed to load resource: the server responded with a status of 404 () @ https://dino.phenotype.space/Dino/assets/chunks/c4Diagram-c83219d4.DI277loY.js:0
[    1256ms] [ERROR] Failed to load resource: the server responded with a status of 404 () @ https://dino.phenotype.space/Dino/assets/chunks/framework.DnRn8Trb.js:0
[    1257ms] [ERROR] Failed to load resource: the server responded with a status of 404 () @ https://dino.phenotype.space/Dino/assets/chunks/theme.DkhOShZJ.js:0
[    1259ms] [ERROR] Failed to load resource: the server responded with a status of 404 () @ https://dino.phenotype.space/Dino/assets/chunks/requirementDiagram-08caed73.B0lmse-9.js:0
[    1260ms] [ERROR] Failed to load resource: the server responded with a status of 404 () @ https://dino.phenotype.space/Dino/assets/chunks/sequenceDiagram-c5b8d532.B8COixe-.js:0
[    1261ms] [ERROR] Failed to load resource: the server responded with a status of 404 () @ https://dino.phenotype.space/Dino/assets/chunks/mindmap-definition-8da855dc.CBGmlpon.js:0
[    1261ms] [ERROR] Failed to load resource: the server responded with a status of 404 () @ https://dino.phenotype.space/Dino/assets/chunks/katex.f0vruDP5.js:0
[    1262ms] [ERROR] Failed to load resource: the server responded with a status of 404 () @ https://dino.phenotype.space/Dino/assets/chunks/flowDiagram-v2-4f6560a1.DE7MkzGF.js:0
[    1262ms] [ERROR] Failed to load resource: the server responded with a status of 404 () @ https://dino.phenotype.space/Dino/assets/app.C9toayQu.js:0
[    1263ms] [ERROR] Failed to load resource: the server responded with a status of 404 () @ https://dino.phenotype.space/Dino/assets/chunks/stateDiagram-1ecb1508.C_aY5fNc.js:0
[    1263ms] [ERROR] Failed to load resource: the server responded with a status of 404 () @ https://dino.phenotype.space/Dino/assets/chunks/ganttDiagram-a2739b55.BIVbnLmF.js:0
[    1263ms] [ERROR] Failed to load resource: the server responded with a status of 404 () @ https://dino.phenotype.space/Dino/assets/chunks/pieDiagram-a8764435.8JCdmQZB.js:0
[    1686ms] [ERROR] Failed to load resource: the server responded with a status of 404 () @ https://dino.phenotype.space/Dino/assets/chunks/infoDiagram-8eee0895.VApkvpRU.js:0
[    1703ms] [ERROR] Failed to load resource: the server responded with a status of 404 () @ https://dino.phenotype.space/.vitepress/theme/custom.css:0
[    1714ms] [ERROR] Failed to load resource: the server responded with a status of 404 () @ https://dino.phenotype.space/Dino/assets/chunks/timeline-definition-faaaa080.CXeqHWF6.js:0
[    1715ms] [ERROR] Failed to load resource: the server responded with a status of 404 () @ https://dino.phenotype.space/Dino/assets/chunks/classDiagram-beda092f.C7W-Jwwq.js:0
[    2056ms] [ERROR] Failed to load resource: the server responded with a status of 404 () @ https://dino.phenotype.space/Dino/assets/chunks/classDiagram-v2-2358418a.DqOMn4Do.js:0
[    2058ms] [ERROR] Failed to load resource: the server responded with a status of 404 () @ https://dino.phenotype.space/Dino/assets/chunks/blockDiagram-c4efeb88.HcsgBZDQ.js:0
[    2062ms] [ERROR] Failed to load resource: the server responded with a status of 404 () @ https://dino.phenotype.space/Dino/assets/chunks/erDiagram-0228fc6a.BBaA8jqP.js:0
[    2066ms] [ERROR] Failed to load resource: the server responded with a status of 404 () @ https://dino.phenotype.space/Dino/assets/chunks/quadrantDiagram-1e28029f.CEJ_pBGh.js:0
[    2066ms] [ERROR] Failed to load resource: the server responded with a status of 404 () @ https://dino.phenotype.space/Dino/assets/chunks/virtual_mermaid-config.DDnGl6nM.js:0
[    2070ms] [ERROR] Failed to load resource: the server responded with a status of 404 () @ https://dino.phenotype.space/Dino/assets/chunks/stateDiagram-v2-c2b004d7.DE-Zjxwy.js:0
[    2071ms] [ERROR] Failed to load resource: the server responded with a status of 404 () @ https://dino.phenotype.space/Dino/assets/chunks/journeyDiagram-c64418c1.XiGJaO3f.js:0
[    2213ms] [ERROR] Failed to load resource: the server responded with a status of 404 () @ https://dino.phenotype.space/Dino/assets/style.Bk9_xZdn.css:0
[    2215ms] [ERROR] Failed to load resource: the server responded with a status of 404 () @ https://dino.phenotype.space/Dino/assets/index.md.CDu87yWd.lean.js:0
[    2224ms] [ERROR] Failed to load resource: the server responded with a status of 404 () @ https://dino.phenotype.space/Dino/assets/chunks/flowDiagram-50d868cf.DFbqUagl.js:0
[    2225ms] [ERROR] Failed to load resource: the server responded with a status of 404 () @ https://dino.phenotype.space/Dino/vp-icons.css:0
[    2255ms] [ERROR] Failed to load resource: the server responded with a status of 404 () @ https://dino.phenotype.space/Dino/assets/inter-roman-latin.Di8DUHzh.woff2:0
[    2255ms] [ERROR] Failed to load resource: the server responded with a status of 404 () @ https://dino.phenotype.space/Dino/assets/chunks/xychartDiagram-f5964ef8.DRZZ42eR.js:0
[    2256ms] [ERROR] Failed to load resource: the server responded with a status of 404 () @ https://dino.phenotype.space/Dino/assets/chunks/gitGraphDiagram-82fe8481.DssBYT3M.js:0
[    2256ms] [ERROR] Failed to load resource: the server responded with a status of 404 () @ https://dino.phenotype.space/Dino/assets/chunks/flowchart-elk-definition-6af322e1.CJ_xTjU5.js:0
[    2256ms] [ERROR] Failed to load resource: the server responded with a status of 404 () @ https://dino.phenotype.space/Dino/assets/chunks/sankeyDiagram-a04cb91d.DxxBHxq8.js:0
[    2538ms] [ERROR] Failed to load resource: the server responded with a status of 404 () @ https://dino.phenotype.space/Dino/favicon.svg:0
[    6268ms] [WARNING] The resource https://dino.phenotype.space/Dino/assets/inter-roman-latin.Di8DUHzh.woff2 was preloaded using link preload but not used within a few seconds from the window's load event. Please make sure it has an appropriate `as` value and it is preloaded intentionally. @ https://dino.phenotype.space/:0
