[     665ms] [ERROR] Failed to load resource: the server responded with a status of 404 () @ https://hwledger.phenotype.space/hwLedger/vp-icons.css:0
[     667ms] [ERROR] Failed to load resource: the server responded with a status of 404 () @ https://hwledger.phenotype.space/hwLedger/assets/chunks/gitGraphDiagram-82fe8481.BJt-Zil1.js:0
[     667ms] [ERROR] Failed to load resource: the server responded with a status of 404 () @ https://hwledger.phenotype.space/hwLedger/assets/chunks/stateDiagram-1ecb1508.BV7Z-RMh.js:0
[     668ms] [ERROR] Failed to load resource: the server responded with a status of 404 () @ https://hwledger.phenotype.space/hwLedger/assets/chunks/requirementDiagram-08caed73.C9IDkpwx.js:0
[     671ms] [ERROR] Failed to load resource: the server responded with a status of 404 () @ https://hwledger.phenotype.space/hwLedger/assets/chunks/quadrantDiagram-1e28029f.DI4a5jDc.js:0
[     671ms] [ERROR] Failed to load resource: the server responded with a status of 404 () @ https://hwledger.phenotype.space/hwLedger/assets/chunks/sequenceDiagram-c5b8d532.BrJbIzW0.js:0
[     674ms] [ERROR] Failed to load resource: the server responded with a status of 404 () @ https://hwledger.phenotype.space/hwLedger/assets/chunks/stateDiagram-v2-c2b004d7.C0qRIsU_.js:0
[     675ms] [ERROR] Failed to load resource: the server responded with a status of 404 () @ https://hwledger.phenotype.space/hwLedger/assets/chunks/flowDiagram-v2-4f6560a1.B4J-cqzO.js:0
[     675ms] [ERROR] Failed to load resource: the server responded with a status of 404 () @ https://hwledger.phenotype.space/hwLedger/assets/chunks/erDiagram-0228fc6a.R15r7ldX.js:0
[     677ms] [ERROR] Failed to load resource: the server responded with a status of 404 () @ https://hwledger.phenotype.space/hwLedger/assets/chunks/journeyDiagram-c64418c1.MewGBdzw.js:0
[     678ms] [ERROR] Failed to load resource: the server responded with a status of 404 () @ https://hwledger.phenotype.space/hwLedger/assets/chunks/ganttDiagram-a2739b55.DnWKLnQf.js:0
[     709ms] [ERROR] Failed to load resource: the server responded with a status of 404 () @ https://hwledger.phenotype.space/hwLedger/assets/style.BBGT_C6r.css:0
[     711ms] [ERROR] Failed to load resource: the server responded with a status of 404 () @ https://hwledger.phenotype.space/hwLedger/assets/chunks/katex.DkKDou_j.js:0
[     722ms] [ERROR] Failed to load resource: the server responded with a status of 404 () @ https://hwledger.phenotype.space/hwLedger/assets/chunks/infoDiagram-8eee0895.BpLQ6sud.js:0
[     723ms] [ERROR] Failed to load resource: the server responded with a status of 404 () @ https://hwledger.phenotype.space/hwLedger/assets/chunks/xychartDiagram-f5964ef8.BVqVgu5r.js:0
[     723ms] [ERROR] Failed to load resource: the server responded with a status of 404 () @ https://hwledger.phenotype.space/hwLedger/assets/chunks/c4Diagram-c83219d4.BvXl7xzN.js:0
[     723ms] [ERROR] Failed to load resource: the server responded with a status of 404 () @ https://hwledger.phenotype.space/hwLedger/assets/chunks/pieDiagram-a8764435.DaPWsbP5.js:0
[     724ms] [ERROR] Failed to load resource: the server responded with a status of 404 () @ https://hwledger.phenotype.space/hwLedger/assets/chunks/flowDiagram-50d868cf.B0sTpvjX.js:0
[     724ms] [ERROR] Failed to load resource: the server responded with a status of 404 () @ https://hwledger.phenotype.space/hwLedger/assets/chunks/theme.BwLREMsp.js:0
[     724ms] [ERROR] Failed to load resource: the server responded with a status of 404 () @ https://hwledger.phenotype.space/hwLedger/assets/chunks/timeline-definition-faaaa080.B9rtXjhc.js:0
[     724ms] [ERROR] Failed to load resource: the server responded with a status of 404 () @ https://hwledger.phenotype.space/hwLedger/assets/chunks/classDiagram-v2-2358418a.BVypNCuz.js:0
[     725ms] [ERROR] Failed to load resource: the server responded with a status of 404 () @ https://hwledger.phenotype.space/hwLedger/assets/chunks/framework.DWLArkm7.js:0
[     725ms] [ERROR] Failed to load resource: the server responded with a status of 404 () @ https://hwledger.phenotype.space/hwLedger/assets/chunks/blockDiagram-c4efeb88.g-s38Man.js:0
[     725ms] [ERROR] Failed to load resource: the server responded with a status of 404 () @ https://hwledger.phenotype.space/hwLedger/assets/chunks/virtual_mermaid-config.DDnGl6nM.js:0
[     725ms] [ERROR] Failed to load resource: the server responded with a status of 404 () @ https://hwledger.phenotype.space/hwLedger/assets/index.md.Deq6VR4r.lean.js:0
[     726ms] [ERROR] Failed to load resource: the server responded with a status of 404 () @ https://hwledger.phenotype.space/hwLedger/assets/app.w4zbV6ZU.js:0
[     726ms] [ERROR] Failed to load resource: the server responded with a status of 404 () @ https://hwledger.phenotype.space/hwLedger/assets/chunks/classDiagram-beda092f.D9ymj1Cb.js:0
[     726ms] [ERROR] Failed to load resource: the server responded with a status of 404 () @ https://hwledger.phenotype.space/hwLedger/assets/chunks/mindmap-definition-8da855dc.p_-YW1yA.js:0
[     727ms] [ERROR] Failed to load resource: the server responded with a status of 404 () @ https://hwledger.phenotype.space/hwLedger/assets/chunks/flowchart-elk-definition-6af322e1.sQ8nLM0h.js:0
[     727ms] [ERROR] Failed to load resource: the server responded with a status of 404 () @ https://hwledger.phenotype.space/hwLedger/assets/chunks/sankeyDiagram-a04cb91d.DaeeBQqL.js:0
[     782ms] [ERROR] Failed to load resource: the server responded with a status of 404 () @ https://hwledger.phenotype.space/hwLedger/assets/inter-roman-latin.Di8DUHzh.woff2:0
[     972ms] [ERROR] Failed to load resource: the server responded with a status of 404 () @ https://hwledger.phenotype.space/hwLedger/logo.svg:0
[    1058ms] [ERROR] Failed to load resource: the server responded with a status of 404 () @ https://hwledger.phenotype.space/hwLedger/cli-journeys/recordings/first-plan.gif:0
[    1321ms] [ERROR] Failed to load resource: the server responded with a status of 404 () @ https://hwledger.phenotype.space/favicon.ico:0
[    4376ms] [WARNING] The resource https://hwledger.phenotype.space/hwLedger/assets/inter-roman-latin.Di8DUHzh.woff2 was preloaded using link preload but not used within a few seconds from the window's load event. Please make sure it has an appropriate `as` value and it is preloaded intentionally. @ https://hwledger.phenotype.space/:0
