C:\Users\koosh\Dino\src\Tools\Cli\Commands\TelemetryViewCommand.cs(391,23): warning CS8600: Converting null literal or possible null value to non-nullable type. [C:\Users\koosh\Dino\src\Tools\Cli\DINOForge.Tools.Cli.csproj]
C:\Users\koosh\Dino\src\Tools\Cli\Commands\DeployCommand.cs(161,37): warning CA2007: Consider calling ConfigureAwait on the awaited task (https://learn.microsoft.com/dotnet/fundamentals/code-analysis/quality-rules/ca2007) [C:\Users\koosh\Dino\src\Tools\Cli\DINOForge.Tools.Cli.csproj]
C:\Users\koosh\Dino\src\Tools\Cli\Commands\TelemetryViewCommand.cs(42,19): warning CA2007: Consider calling ConfigureAwait on the awaited task (https://learn.microsoft.com/dotnet/fundamentals/code-analysis/quality-rules/ca2007) [C:\Users\koosh\Dino\src\Tools\Cli\DINOForge.Tools.Cli.csproj]
C:\Users\koosh\Dino\src\Domains\Economy\EconomyContentLoader.cs(71,13): warning DF0114: CancellationToken is not threaded to inner async call [C:\Users\koosh\Dino\src\Domains\Economy\DINOForge.Domains.Economy.csproj]
C:\Users\koosh\Dino\src\Domains\Economy\EconomyContentLoader.cs(72,13): warning DF0114: CancellationToken is not threaded to inner async call [C:\Users\koosh\Dino\src\Domains\Economy\DINOForge.Domains.Economy.csproj]
C:\Users\koosh\Dino\src\Domains\Economy\EconomyContentLoader.cs(73,13): warning DF0114: CancellationToken is not threaded to inner async call [C:\Users\koosh\Dino\src\Domains\Economy\DINOForge.Domains.Economy.csproj]
C:\Users\koosh\Dino\src\Domains\Economy\EconomyContentLoader.cs(119,35): warning DF0114: CancellationToken is not threaded to inner async call [C:\Users\koosh\Dino\src\Domains\Economy\DINOForge.Domains.Economy.csproj]
C:\Users\koosh\Dino\src\Domains\Economy\EconomyContentLoader.cs(179,35): warning DF0114: CancellationToken is not threaded to inner async call [C:\Users\koosh\Dino\src\Domains\Economy\DINOForge.Domains.Economy.csproj]
C:\Users\koosh\Dino\src\Domains\Economy\EconomyContentLoader.cs(239,35): warning DF0114: CancellationToken is not threaded to inner async call [C:\Users\koosh\Dino\src\Domains\Economy\DINOForge.Domains.Economy.csproj]
C:\Users\koosh\Dino\src\Domains\Scenario\ScenarioContentLoader.cs(63,13): warning DF0114: CancellationToken is not threaded to inner async call [C:\Users\koosh\Dino\src\Domains\Scenario\DINOForge.Domains.Scenario.csproj]
C:\Users\koosh\Dino\src\Domains\Scenario\ScenarioContentLoader.cs(109,35): warning DF0114: CancellationToken is not threaded to inner async call [C:\Users\koosh\Dino\src\Domains\Scenario\DINOForge.Domains.Scenario.csproj]
C:\Users\koosh\Dino\src\Benchmarks\PackLoadBenchmark.cs(54,16): warning CS8603: Possible null reference return. [C:\Users\koosh\Dino\src\Benchmarks\DINOForge.Benchmarks.csproj]
C:\Users\koosh\Dino\src\Tests\Analyzers\AnalyzerTestBase.cs(14,16): warning CS0618: 'AnalyzerVerifier<TAnalyzer>' is obsolete: 'https://github.com/dotnet/roslyn-sdk/blob/main/src/Microsoft.CodeAnalysis.Testing/README.md#obsolete-packages' [C:\Users\koosh\Dino\src\Tests\Analyzers\DINOForge.Tests.Analyzers.csproj]
C:\Users\koosh\Dino\src\Tests\Analyzers\AnalyzerTestBase.cs(19,16): warning CS0618: 'AnalyzerVerifier<TAnalyzer>' is obsolete: 'https://github.com/dotnet/roslyn-sdk/blob/main/src/Microsoft.CodeAnalysis.Testing/README.md#obsolete-packages' [C:\Users\koosh\Dino\src\Tests\Analyzers\DINOForge.Tests.Analyzers.csproj]
C:\Users\koosh\Dino\src\Tests\Analyzers\AnalyzerTestBase.cs(24,16): warning CS0618: 'AnalyzerVerifier<TAnalyzer>' is obsolete: 'https://github.com/dotnet/roslyn-sdk/blob/main/src/Microsoft.CodeAnalysis.Testing/README.md#obsolete-packages' [C:\Users\koosh\Dino\src\Tests\Analyzers\DINOForge.Tests.Analyzers.csproj]
C:\Users\koosh\Dino\src\Tests\Analyzers\AnalyzerTestBase.cs(29,16): warning CS0618: 'AnalyzerVerifier<TAnalyzer>' is obsolete: 'https://github.com/dotnet/roslyn-sdk/blob/main/src/Microsoft.CodeAnalysis.Testing/README.md#obsolete-packages' [C:\Users\koosh\Dino\src\Tests\Analyzers\DINOForge.Tests.Analyzers.csproj]
C:\Users\koosh\Dino\src\Tests\GameLaunch\GameLaunchOverlayTests.cs(46,19): warning CS8602: Dereference of a possibly null reference. [C:\Users\koosh\Dino\src\Tests\GameLaunch\DINOForge.Tests.GameLaunch.csproj]
C:\Users\koosh\Dino\src\Tests\GameLaunch\GameLaunchNativeMenuTests.cs(60,44): warning CS8602: Dereference of a possibly null reference. [C:\Users\koosh\Dino\src\Tests\GameLaunch\DINOForge.Tests.GameLaunch.csproj]
C:\Users\koosh\Dino\src\Tests\GameLaunch\GameLaunchNativeMenuTests.cs(119,15): warning CS8602: Dereference of a possibly null reference. [C:\Users\koosh\Dino\src\Tests\GameLaunch\DINOForge.Tests.GameLaunch.csproj]
C:\Users\koosh\Dino\src\Tests\GameLaunch\GameLaunchNativeMenuTests.cs(151,35): warning CS8602: Dereference of a possibly null reference. [C:\Users\koosh\Dino\src\Tests\GameLaunch\DINOForge.Tests.GameLaunch.csproj]
C:\Users\koosh\Dino\src\Tests\GameLaunch\GameLaunchNativeMenuTests.cs(246,38): warning CS8602: Dereference of a possibly null reference. [C:\Users\koosh\Dino\src\Tests\GameLaunch\DINOForge.Tests.GameLaunch.csproj]
C:\Users\koosh\Dino\src\Tests\GameLaunch\GameLaunchNativeMenuTests.cs(273,15): warning CS8602: Dereference of a possibly null reference. [C:\Users\koosh\Dino\src\Tests\GameLaunch\DINOForge.Tests.GameLaunch.csproj]
C:\Users\koosh\Dino\src\Tests\SDK\ContentLoaderExtraCoverageTests.cs(49,34): warning SYSLIB0050: 'FormatterServices' is obsolete: 'Formatter-based serialization is obsolete and should not be used.' (https://aka.ms/dotnet-warnings/SYSLIB0050) [C:\Users\koosh\Dino\src\Tests\DINOForge.Tests.csproj]
C:\Users\koosh\Dino\src\Tests\UiAutomation\CompanionFixture.cs(45,13): error CS1997: Since 'CompanionFixture.InitializeAsync()' is an async method that returns 'Task', a return keyword must not be followed by an object expression [C:\Users\koosh\Dino\src\Tests\UiAutomation\DINOForge.Tests.UiAutomation.csproj]
C:\program files\dotnet\sdk\11.0.100-preview.2.26159.112\Microsoft.Common.CurrentVersion.targets(5094,5): error MSB3030: Could not copy the file "C:\Users\koosh\Dino\src\Tests\bin\Release\net8.0\UnityEngine.CoreModule.dll" because it was not found. [C:\Users\koosh\Dino\src\Tests\Integration\DINOForge.Tests.Integration.csproj]
C:\program files\dotnet\sdk\11.0.100-preview.2.26159.112\Microsoft.Common.CurrentVersion.targets(5094,5): error MSB3030: Could not copy the file "C:\Users\koosh\Dino\src\Tests\bin\Release\net8.0\UnityEngine.SharedInternalsModule.dll" because it was not found. [C:\Users\koosh\Dino\src\Tests\Integration\DINOForge.Tests.Integration.csproj]
C:\program files\dotnet\sdk\11.0.100-preview.2.26159.112\Microsoft.Common.CurrentVersion.targets(5094,5): error MSB3030: Could not copy the file "C:\Users\koosh\Dino\src\Tests\bin\Release\net8.0\Unity.Entities.dll" because it was not found. [C:\Users\koosh\Dino\src\Tests\Integration\DINOForge.Tests.Integration.csproj]
C:\program files\dotnet\sdk\11.0.100-preview.2.26159.112\Microsoft.Common.CurrentVersion.targets(5094,5): error MSB3030: Could not copy the file "C:\Users\koosh\Dino\src\Tests\bin\Release\net8.0\Unity.Collections.dll" because it was not found. [C:\Users\koosh\Dino\src\Tests\Integration\DINOForge.Tests.Integration.csproj]
C:\program files\dotnet\sdk\11.0.100-preview.2.26159.112\Microsoft.Common.CurrentVersion.targets(5094,5): error MSB3030: Could not copy the file "C:\Users\koosh\Dino\src\Tests\bin\Release\net8.0\Unity.Properties.dll" because it was not found. [C:\Users\koosh\Dino\src\Tests\Integration\DINOForge.Tests.Integration.csproj]
C:\program files\dotnet\sdk\11.0.100-preview.2.26159.112\Microsoft.Common.CurrentVersion.targets(5094,5): error MSB3030: Could not copy the file "C:\Users\koosh\Dino\src\Tests\bin\Release\net8.0\Unity.Burst.dll" because it was not found. [C:\Users\koosh\Dino\src\Tests\Integration\DINOForge.Tests.Integration.csproj]
C:\program files\dotnet\sdk\11.0.100-preview.2.26159.112\Microsoft.Common.CurrentVersion.targets(5094,5): error MSB3030: Could not copy the file "C:\Users\koosh\Dino\src\Tests\bin\Release\net8.0\Unity.Mathematics.dll" because it was not found. [C:\Users\koosh\Dino\src\Tests\Integration\DINOForge.Tests.Integration.csproj]
C:\program files\dotnet\sdk\11.0.100-preview.2.26159.112\Microsoft.Common.CurrentVersion.targets(5094,5): error MSB3030: Could not copy the file "C:\Users\koosh\Dino\src\Tests\bin\Release\net8.0\Unity.Jobs.dll" because it was not found. [C:\Users\koosh\Dino\src\Tests\Integration\DINOForge.Tests.Integration.csproj]
C:\program files\dotnet\sdk\11.0.100-preview.2.26159.112\Microsoft.Common.CurrentVersion.targets(5094,5): error MSB3030: Could not copy the file "C:\Users\koosh\Dino\src\Tests\bin\Release\net8.0\Unity.Mathematics.Extensions.dll" because it was not found. [C:\Users\koosh\Dino\src\Tests\Integration\DINOForge.Tests.Integration.csproj]
C:\program files\dotnet\sdk\11.0.100-preview.2.26159.112\Microsoft.Common.CurrentVersion.targets(5094,5): error MSB3030: Could not copy the file "C:\Users\koosh\Dino\src\Tests\bin\Release\net8.0\Unity.Serialization.dll" because it was not found. [C:\Users\koosh\Dino\src\Tests\Integration\DINOForge.Tests.Integration.csproj]
C:\program files\dotnet\sdk\11.0.100-preview.2.26159.112\Microsoft.Common.CurrentVersion.targets(5094,5): error MSB3030: Could not copy the file "C:\Users\koosh\Dino\src\Tests\bin\Release\net8.0\Unity.Collections.LowLevel.ILSupport.dll" because it was not found. [C:\Users\koosh\Dino\src\Tests\Integration\DINOForge.Tests.Integration.csproj]
C:\program files\dotnet\sdk\11.0.100-preview.2.26159.112\Microsoft.Common.CurrentVersion.targets(5094,5): error MSB3030: Could not copy the file "C:\Users\koosh\Dino\src\Tests\bin\Release\net8.0\Unity.Burst.Unsafe.dll" because it was not found. [C:\Users\koosh\Dino\src\Tests\Integration\DINOForge.Tests.Integration.csproj]
    133 Warning(s)
    13 Error(s)

Time Elapsed 00:00:27.92
exit=0
